0 info it worked if it ends with ok
1 verbose cli [ 'C:\\Program Files\\nodejs\\node.exe',
1 verbose cli   'C:\\Program Files\\nodejs\\node_modules\\npm\\bin\\npm-cli.js',
1 verbose cli   'run',
1 verbose cli   'dev' ]
2 info using npm@4.1.2
3 info using node@v7.7.3
4 verbose run-script [ 'predev', 'dev', 'postdev' ]
5 info lifecycle react-tutorials@0.0.0~predev: react-tutorials@0.0.0
6 silly lifecycle react-tutorials@0.0.0~predev: no script for predev, continuing
7 info lifecycle react-tutorials@0.0.0~dev: react-tutorials@0.0.0
8 verbose lifecycle react-tutorials@0.0.0~dev: unsafe-perm in lifecycle true
9 verbose lifecycle react-tutorials@0.0.0~dev: PATH: C:\Program Files\nodejs\node_modules\npm\bin\node-gyp-bin;C:\Users\Mise\Desktop\Apps\ekareact_frontend\node_modules\.bin;c:\program files\graphicsmagick-1.3.25-q16;c:\windows\system32;c:\windows;c:\windows\system32\wbem;c:\windows\system32\windowspowershell\v1.0\;c:\program files\git\cmd;c:\program files\graphicsmagick-1.3.25-q16\www;C:\Program Files (x86)\NVIDIA Corporation\PhysX\Common;C:\Program Files\nodejs\;C:\Users\Mise\AppData\Local\Microsoft\WindowsApps;F:\Microsoft VS Code\bin;C:\Program Files\GraphicsMagick-1.3.25-Q16\www;C:\Users\Mise\AppData\Roaming\npm
10 verbose lifecycle react-tutorials@0.0.0~dev: CWD: C:\Users\Mise\Desktop\Apps\ekareact_frontend
11 silly lifecycle react-tutorials@0.0.0~dev: Args: [ '/d /s /c',
11 silly lifecycle   'webpack-dev-server --content-base src --inline --hot --history-api-fallback' ]
12 verbose stack Error: kill ENOSYS
12 verbose stack     at exports._errnoException (util.js:1033:11)
12 verbose stack     at process.kill (internal/process.js:188:13)
12 verbose stack     at process.listener (C:\Program Files\nodejs\node_modules\npm\node_modules\npmlog\node_modules\gauge\node_modules\signal-exit\index.js:95:15)
12 verbose stack     at emitNone (events.js:86:13)
12 verbose stack     at process.emit (events.js:188:7)
12 verbose stack     at processEmit (C:\Program Files\nodejs\node_modules\npm\node_modules\npmlog\node_modules\gauge\node_modules\signal-exit\index.js:155:32)
12 verbose stack     at Signal.wrap.onsignal (internal/process.js:215:44)
13 verbose cwd C:\Users\Mise\Desktop\Apps\ekareact_frontend
14 error Windows_NT 10.0.14393
15 error argv "C:\\Program Files\\nodejs\\node.exe" "C:\\Program Files\\nodejs\\node_modules\\npm\\bin\\npm-cli.js" "run" "dev"
16 error node v7.7.3
17 error npm  v4.1.2
18 error code ENOSYS
19 error errno ENOSYS
20 error syscall kill
21 error kill ENOSYS
22 error If you need help, you may report this error at:
22 error     <https://github.com/npm/npm/issues>
23 verbose exit [ 1, true ]
